<?xml version="1.0" encoding="UTF-8"?>
<testng-results ignored="0" total="1" passed="1" failed="0" skipped="0">
  <reporter-output>
  </reporter-output>
  <suite started-at="2025-03-19T10:52:35 IST" name="Default suite" finished-at="2025-03-19T10:52:41 IST" duration-ms="6306">
    <groups>
    </groups>
    <test started-at="2025-03-19T10:52:35 IST" name="Default test" finished-at="2025-03-19T10:52:41 IST" duration-ms="6306">
      <class name="Tests.LoginTest">
        <test-method is-config="true" signature="setUp()[pri:0, instance:Tests.LoginTest@3012646b]" started-at="2025-03-19T10:52:35 IST" name="setUp" finished-at="2025-03-19T10:52:40 IST" duration-ms="5587" status="PASS">
          <reporter-output>
          </reporter-output>
        </test-method> <!-- setUp -->
        <test-method signature="testValidLogin()[pri:0, instance:Tests.LoginTest@3012646b]" started-at="2025-03-19T10:52:40 IST" name="testValidLogin" finished-at="2025-03-19T10:52:41 IST" duration-ms="490" status="PASS">
          <reporter-output>
          </reporter-output>
        </test-method> <!-- testValidLogin -->
        <test-method is-config="true" signature="tearDown()[pri:0, instance:Tests.LoginTest@3012646b]" started-at="2025-03-19T10:52:41 IST" name="tearDown" finished-at="2025-03-19T10:52:41 IST" duration-ms="175" status="PASS">
          <reporter-output>
          </reporter-output>
        </test-method> <!-- tearDown -->
      </class> <!-- Tests.LoginTest -->
    </test> <!-- Default test -->
  </suite> <!-- Default suite -->
</testng-results>
